2010年9月10日9时46分15秒 : 初始化LOG文件完成。
2010年9月10日9时46分15秒 : 初始化参数设置完成。
2010年9月10日9时46分15秒 : 初始化符号库目录完成。
2010年9月10日9时46分15秒 : 开始加载配置文件。
2010年9月10日9时46分15秒 : 开始加载全部符号库。
2010年9月10日9时46分15秒 : 加载符号库文件：H:\《逆向工程初步》\第九章\工具\E-Code Explorer\Symbol\BmpOperate.fne完成。
2010年9月10日9时46分15秒 : 加载符号库文件：H:\《逆向工程初步》\第九章\工具\E-Code Explorer\Symbol\btdownload.fne完成。
2010年9月10日9时46分15秒 : 加载符号库文件：H:\《逆向工程初步》\第九章\工具\E-Code Explorer\Symbol\CnCalendar.fne完成。
2010年9月10日9时46分15秒 : 加载符号库文件：H:\《逆向工程初步》\第九章\工具\E-Code Explorer\Symbol\cncnv.fne完成。
2010年9月10日9时46分15秒 : 加载符号库文件：H:\《逆向工程初步》\第九章\工具\E-Code Explorer\Symbol\CodeStyleEdit.fne完成。
2010年9月10日9时46分15秒 : 加载符号库文件：H:\《逆向工程初步》\第九章\工具\E-Code Explorer\Symbol\commobj.fne完成。
2010年9月10日9时46分15秒 : 加载符号库文件：H:\《逆向工程初步》\第九章\工具\E-Code Explorer\Symbol\console.fne完成。
2010年9月10日9时46分15秒 : 加载符号库文件：H:\《逆向工程初步》\第九章\工具\E-Code Explorer\Symbol\downlib.fne完成。
2010年9月10日9时46分15秒 : 加载符号库文件：H:\《逆向工程初步》\第九章\工具\E-Code Explorer\Symbol\dp1.fne完成。
2010年9月10日9时46分15秒 : 加载符号库文件：H:\《逆向工程初步》\第九章\工具\E-Code Explorer\Symbol\eAPI.fne完成。
2010年9月10日9时46分15秒 : 加载符号库文件：H:\《逆向工程初步》\第九章\工具\E-Code Explorer\Symbol\eCalc.fne完成。
2010年9月10日9时46分15秒 : 加载符号库文件：H:\《逆向工程初步》\第九章\工具\E-Code Explorer\Symbol\EChartBar.fne完成。
2010年9月10日9时46分15秒 : 加载符号库文件：H:\《逆向工程初步》\第九章\工具\E-Code Explorer\Symbol\eCompress.fne完成。
2010年9月10日9时46分15秒 : 加载符号库文件：H:\《逆向工程初步》\第九章\工具\E-Code Explorer\Symbol\EDataStructure.fne完成。
2010年9月10日9时46分15秒 : 加载符号库文件：H:\《逆向工程初步》\第九章\工具\E-Code Explorer\Symbol\eDB.fne完成。
2010年9月10日9时46分15秒 : 加载符号库文件：H:\《逆向工程初步》\第九章\工具\E-Code Explorer\Symbol\EdirectX.fne完成。
2010年9月10日9时46分15秒 : 加载符号库文件：H:\《逆向工程初步》\第九章\工具\E-Code Explorer\Symbol\eDirTree.fne完成。
2010年9月10日9时46分15秒 : 加载符号库文件：H:\《逆向工程初步》\第九章\工具\E-Code Explorer\Symbol\edroptarget.fne完成。
2010年9月10日9时46分15秒 : 加载符号库文件：H:\《逆向工程初步》\第九章\工具\E-Code Explorer\Symbol\eExcel2000.fne完成。
2010年9月10日9时46分15秒 : 加载符号库文件：H:\《逆向工程初步》\第九章\工具\E-Code Explorer\Symbol\eGrid.fne完成。
2010年9月10日9时46分15秒 : 加载符号库文件：H:\《逆向工程初步》\第九章\工具\E-Code Explorer\Symbol\eHook.fne完成。
2010年9月10日9时46分15秒 : 加载符号库文件：H:\《逆向工程初步》\第九章\工具\E-Code Explorer\Symbol\eImgConverter.fne完成。
2010年9月10日9时46分15秒 : 加载符号库文件：H:\《逆向工程初步》\第九章\工具\E-Code Explorer\Symbol\EInterProcess.fne完成。
2010年9月10日9时46分15秒 : 加载符号库文件：H:\《逆向工程初步》\第九章\工具\E-Code Explorer\Symbol\ELIB.fne完成。
2010年9月10日9时46分15秒 : 加载符号库文件：H:\《逆向工程初步》\第九章\工具\E-Code Explorer\Symbol\eLIBpp.fne完成。
2010年9月10日9时46分15秒 : 加载符号库文件：H:\《逆向工程初步》\第九章\工具\E-Code Explorer\Symbol\ELogoPanel.fne完成。
2010年9月10日9时46分15秒 : 加载符号库文件：H:\《逆向工程初步》\第九章\工具\E-Code Explorer\Symbol\eMMedia.fne完成。
2010年9月10日9时46分15秒 : 加载符号库文件：H:\《逆向工程初步》\第九章\工具\E-Code Explorer\Symbol\eNetIntercept.fne完成。
2010年9月10日9时46分15秒 : 加载符号库文件：H:\《逆向工程初步》\第九章\工具\E-Code Explorer\Symbol\eOALib.fne完成。
2010年9月10日9时46分15秒 : 加载符号库文件：H:\《逆向工程初步》\第九章\工具\E-Code Explorer\Symbol\ePPT2000.fne完成。
2010年9月10日9时46分15秒 : 加载符号库文件：H:\《逆向工程初步》\第九章\工具\E-Code Explorer\Symbol\ePY.fne完成。
2010年9月10日9时46分15秒 : 加载符号库文件：H:\《逆向工程初步》\第九章\工具\E-Code Explorer\Symbol\ERawSock.fne完成。
2010年9月10日9时46分15秒 : 加载符号库文件：H:\《逆向工程初步》\第九章\工具\E-Code Explorer\Symbol\ESpeechEngine.fne完成。
2010年9月10日9时46分15秒 : 加载符号库文件：H:\《逆向工程初步》\第九章\工具\E-Code Explorer\Symbol\ESSLayer.fne完成。
2010年9月10日9时46分15秒 : 加载符号库文件：H:\《逆向工程初步》\第九章\工具\E-Code Explorer\Symbol\EThread.fne完成。
2010年9月10日9时46分15秒 : 加载符号库文件：H:\《逆向工程初步》\第九章\工具\E-Code Explorer\Symbol\ewizard.fne完成。
2010年9月10日9时46分15秒 : 加载符号库文件：H:\《逆向工程初步》\第九章\工具\E-Code Explorer\Symbol\eWord2000.fne完成。
2010年9月10日9时46分15秒 : 加载符号库文件：H:\《逆向工程初步》\第九章\工具\E-Code Explorer\Symbol\EXMLParser.fne完成。
2010年9月10日9时46分15秒 : 加载符号库文件：H:\《逆向工程初步》\第九章\工具\E-Code Explorer\Symbol\Exmlrpc.fne完成。
2010年9月10日9时46分15秒 : 加载符号库文件：H:\《逆向工程初步》\第九章\工具\E-Code Explorer\Symbol\ExtMenu.fne完成。
2010年9月10日9时46分15秒 : 加载符号库文件：H:\《逆向工程初步》\第九章\工具\E-Code Explorer\Symbol\HtmlView.fne完成。
2010年9月10日9时46分15秒 : 加载符号库文件：H:\《逆向工程初步》\第九章\工具\E-Code Explorer\Symbol\HYExtLib.fne完成。
2010年9月10日9时46分15秒 : 加载符号库文件：H:\《逆向工程初步》\第九章\工具\E-Code Explorer\Symbol\iext.fne完成。
2010年9月10日9时46分15秒 : 加载符号库文件：H:\《逆向工程初步》\第九章\工具\E-Code Explorer\Symbol\iext2.fne完成。
2010年9月10日9时46分15秒 : 加载符号库文件：H:\《逆向工程初步》\第九章\工具\E-Code Explorer\Symbol\iext3.fne完成。
2010年9月10日9时46分15秒 : 加载符号库文件：H:\《逆向工程初步》\第九章\工具\E-Code Explorer\Symbol\iext5.fne完成。
2010年9月10日9时46分15秒 : 加载符号库文件：H:\《逆向工程初步》\第九章\工具\E-Code Explorer\Symbol\iext6.fne完成。
2010年9月10日9时46分15秒 : 加载符号库文件：H:\《逆向工程初步》\第九章\工具\E-Code Explorer\Symbol\internet.fne完成。
2010年9月10日9时46分15秒 : 加载符号库文件：H:\《逆向工程初步》\第九章\工具\E-Code Explorer\Symbol\isapi.fne完成。
2010年9月10日9时46分15秒 : 加载符号库文件：H:\《逆向工程初步》\第九章\工具\E-Code Explorer\Symbol\Javalib.fne完成。
2010年9月10日9时46分15秒 : 加载符号库文件：H:\《逆向工程初步》\第九章\工具\E-Code Explorer\Symbol\krnln.fne完成。
2010年9月10日9时46分15秒 : 加载符号库文件：H:\《逆向工程初步》\第九章\工具\E-Code Explorer\Symbol\mylib.fne完成。
2010年9月10日9时46分15秒 : 加载符号库文件：H:\《逆向工程初步》\第九章\工具\E-Code Explorer\Symbol\mysql.fne完成。
2010年9月10日9时46分15秒 : 加载符号库文件：H:\《逆向工程初步》\第九章\工具\E-Code Explorer\Symbol\NewLib.fne完成。
2010年9月10日9时46分15秒 : 加载符号库文件：H:\《逆向工程初步》\第九章\工具\E-Code Explorer\Symbol\ogrelib.fne完成。
2010年9月10日9时46分15秒 : 加载符号库文件：H:\《逆向工程初步》\第九章\工具\E-Code Explorer\Symbol\OPenGL.fne完成。
2010年9月10日9时46分15秒 : 加载符号库文件：H:\《逆向工程初步》\第九章\工具\E-Code Explorer\Symbol\PhoneCortrol.fne完成。
2010年9月10日9时46分15秒 : 加载符号库文件：H:\《逆向工程初步》\第九章\工具\E-Code Explorer\Symbol\pop3.fne完成。
2010年9月10日9时46分15秒 : 加载符号库文件：H:\《逆向工程初步》\第九章\工具\E-Code Explorer\Symbol\portio.fne完成。
2010年9月10日9时46分15秒 : 加载符号库文件：H:\《逆向工程初步》\第九章\工具\E-Code Explorer\Symbol\Q_tip.fne完成。
2010年9月10日9时46分15秒 : 加载符号库文件：H:\《逆向工程初步》\第九章\工具\E-Code Explorer\Symbol\RegEx.fne完成。
2010年9月10日9时46分15秒 : 加载符号库文件：H:\《逆向工程初步》\第九章\工具\E-Code Explorer\Symbol\script.fne完成。
2010年9月10日9时46分15秒 : 加载符号库文件：H:\《逆向工程初步》\第九章\工具\E-Code Explorer\Symbol\shell.fne完成。
2010年9月10日9时46分15秒 : 加载符号库文件：H:\《逆向工程初步》\第九章\工具\E-Code Explorer\Symbol\shellEx.fne完成。
2010年9月10日9时46分15秒 : 加载符号库文件：H:\《逆向工程初步》\第九章\工具\E-Code Explorer\Symbol\sock.fne完成。
2010年9月10日9时46分15秒 : 加载符号库文件：H:\《逆向工程初步》\第九章\工具\E-Code Explorer\Symbol\spec.fne完成。
2010年9月10日9时46分15秒 : 加载符号库文件：H:\《逆向工程初步》\第九章\工具\E-Code Explorer\Symbol\SqliteDB.fne完成。
2010年9月10日9时46分15秒 : 加载符号库文件：H:\《逆向工程初步》\第九章\工具\E-Code Explorer\Symbol\Taolibv1.fne完成。
2010年9月10日9时46分15秒 : 加载符号库文件：H:\《逆向工程初步》\第九章\工具\E-Code Explorer\Symbol\twain.fne完成。
2010年9月10日9时46分15秒 : 加载符号库文件：H:\《逆向工程初步》\第九章\工具\E-Code Explorer\Symbol\WNet.fne完成。
2010年9月10日9时46分15秒 : 加载符号库文件：H:\《逆向工程初步》\第九章\工具\E-Code Explorer\Symbol\xWindow.fne完成。
2010年9月10日9时46分15秒 : 初始化符号库完成。
2010年9月10日9时46分15秒 : 初始化设置完成。
2010年9月10日9时46分15秒 : 初始化功能完成。
2010年9月10日9时46分15秒 : 初始化界面完成。
2010年9月10日9时46分15秒 : 信息：就绪。
2010年9月10日9时46分15秒 : 初始化插件完成。
2010年9月10日9时46分16秒 : 处理命令行完成。
2010年9月10日9时46分16秒 : 启动完成。
2010年9月10日9时47分1秒 : 信息：已打开需要分析的文件。
2010年9月10日9时47分2秒 : 信息：正在分析，请稍后……
2010年9月10日9时47分2秒 : 信息：有效的可执行文件。
2010年9月10日9时47分2秒 : 错误：该文件中没有封装易格式数据！
